C:\USERS\RUIKING\DOCUMENTS\VISUAL STUDIO 2010\PROJECTS\CALCULATOR\CALCULATOR\DEBUG\CALCULATOR.EXE.EMBED.MANIFEST
C:\USERS\RUIKING\DOCUMENTS\VISUAL STUDIO 2010\PROJECTS\CALCULATOR\CALCULATOR\DEBUG\CALCULATOR.EXE.EMBED.MANIFEST.RES
C:\USERS\RUIKING\DOCUMENTS\VISUAL STUDIO 2010\PROJECTS\CALCULATOR\CALCULATOR\DEBUG\CALCULATOR.EXE.INTERMEDIATE.MANIFEST
C:\USERS\RUIKING\DOCUMENTS\VISUAL STUDIO 2010\PROJECTS\CALCULATOR\CALCULATOR\DEBUG\CALCULATOR.OBJ
C:\USERS\RUIKING\DOCUMENTS\VISUAL STUDIO 2010\PROJECTS\CALCULATOR\CALCULATOR\DEBUG\CALCULATOR.PCH
C:\Users\ruiking\Documents\Visual Studio 2010\Projects\Calculator\Calculator\Debug\Calculator.write.1.tlog
C:\Users\ruiking\Documents\Visual Studio 2010\Projects\Calculator\Calculator\Debug\Calculator_manifest.rc
C:\Users\ruiking\Documents\Visual Studio 2010\Projects\Calculator\Calculator\Debug\cl.command.1.tlog
C:\Users\ruiking\Documents\Visual Studio 2010\Projects\Calculator\Calculator\Debug\CL.read.1.tlog
C:\Users\ruiking\Documents\Visual Studio 2010\Projects\Calculator\Calculator\Debug\CL.write.1.tlog
C:\Users\ruiking\Documents\Visual Studio 2010\Projects\Calculator\Calculator\Debug\link.command.1.tlog
C:\Users\ruiking\Documents\Visual Studio 2010\Projects\Calculator\Calculator\Debug\link.read.1.tlog
C:\Users\ruiking\Documents\Visual Studio 2010\Projects\Calculator\Calculator\Debug\link.write.1.tlog
C:\Users\ruiking\Documents\Visual Studio 2010\Projects\Calculator\Calculator\Debug\link-cvtres.read.1.tlog
C:\Users\ruiking\Documents\Visual Studio 2010\Projects\Calculator\Calculator\Debug\link-cvtres.write.1.tlog
C:\Users\ruiking\Documents\Visual Studio 2010\Projects\Calculator\Calculator\Debug\mt.command.1.tlog
C:\Users\ruiking\Documents\Visual Studio 2010\Projects\Calculator\Calculator\Debug\mt.read.1.tlog
C:\Users\ruiking\Documents\Visual Studio 2010\Projects\Calculator\Calculator\Debug\mt.write.1.tlog
C:\Users\ruiking\Documents\Visual Studio 2010\Projects\Calculator\Calculator\Debug\rc.command.1.tlog
C:\Users\ruiking\Documents\Visual Studio 2010\Projects\Calculator\Calculator\Debug\rc.read.1.tlog
C:\Users\ruiking\Documents\Visual Studio 2010\Projects\Calculator\Calculator\Debug\rc.write.1.tlog
C:\USERS\RUIKING\DOCUMENTS\VISUAL STUDIO 2010\PROJECTS\CALCULATOR\CALCULATOR\DEBUG\STDAFX.OBJ
C:\Users\ruiking\Documents\Visual Studio 2010\Projects\Calculator\Calculator\Debug\vc100.idb
C:\USERS\RUIKING\DOCUMENTS\VISUAL STUDIO 2010\PROJECTS\CALCULATOR\CALCULATOR\DEBUG\VC100.PDB
C:\USERS\RUIKING\DOCUMENTS\VISUAL STUDIO 2010\PROJECTS\CALCULATOR\DEBUG\CALCULATOR.EXE
C:\USERS\RUIKING\DOCUMENTS\VISUAL STUDIO 2010\PROJECTS\CALCULATOR\DEBUG\CALCULATOR.ILK
C:\USERS\RUIKING\DOCUMENTS\VISUAL STUDIO 2010\PROJECTS\CALCULATOR\DEBUG\CALCULATOR.PDB
